TN:
SF:src/client/provider.tsx
FN:37,(anonymous_0)
FN:38,(anonymous_1)
FN:39,(anonymous_2)
FN:77,SoundCloudProvider
FN:88,(anonymous_4)
FN:97,(anonymous_5)
FN:107,(anonymous_6)
FN:111,(anonymous_7)
FN:114,(anonymous_8)
FN:117,(anonymous_9)
FN:120,(anonymous_10)
FN:125,(anonymous_11)
FN:127,(anonymous_12)
FN:128,(anonymous_13)
FN:136,(anonymous_14)
FN:195,useSoundCloudContext
FNF:16
FNH:16
FNDA:1,(anonymous_0)
FNDA:1,(anonymous_1)
FNDA:1,(anonymous_2)
FNDA:262,SoundCloudProvider
FNDA:24,(anonymous_4)
FNDA:204,(anonymous_5)
FNDA:23,(anonymous_6)
FNDA:22,(anonymous_7)
FNDA:2,(anonymous_8)
FNDA:24,(anonymous_9)
FNDA:24,(anonymous_10)
FNDA:4,(anonymous_11)
FNDA:3,(anonymous_12)
FNDA:3,(anonymous_13)
FNDA:5,(anonymous_14)
FNDA:561,useSoundCloudContext
DA:31,9
DA:81,262
DA:82,262
DA:83,262
DA:84,262
DA:85,262
DA:87,262
DA:89,24
DA:90,24
DA:91,24
DA:97,262
DA:98,204
DA:99,180
DA:100,180
DA:102,24
DA:103,24
DA:104,24
DA:108,23
DA:109,22
DA:112,22
DA:115,2
DA:118,24
DA:120,24
DA:121,24
DA:125,262
DA:126,4
DA:127,3
DA:129,3
DA:130,2
DA:136,262
DA:137,5
DA:138,5
DA:139,4
DA:148,5
DA:149,5
DA:150,5
DA:151,5
DA:154,262
DA:156,262
DA:196,561
LF:40
LH:40
BRDA:78,0,0,262
BRDA:98,1,0,180
BRDA:98,1,1,24
BRDA:108,2,0,1
BRDA:108,2,1,22
BRDA:112,3,0,21
BRDA:112,3,1,1
BRDA:115,4,0,1
BRDA:115,4,1,1
BRDA:118,5,0,22
BRDA:118,5,1,2
BRDA:129,6,0,2
BRDA:129,6,1,1
BRDA:138,7,0,4
BRDA:138,7,1,1
BRDA:154,8,0,262
BRDA:154,8,1,70
BRF:17
BRH:17
end_of_record
TN:
SF:src/client/hooks/useAuthFetch.ts
FN:11,useAuthFetch
FN:17,(anonymous_1)
FN:31,(anonymous_2)
FN:36,(anonymous_3)
FN:39,(anonymous_4)
FN:41,(anonymous_5)
FNF:6
FNH:6
FNDA:32,useAuthFetch
FNDA:20,(anonymous_1)
FNDA:3,(anonymous_2)
FNDA:2,(anonymous_3)
FNDA:4,(anonymous_4)
FNDA:4,(anonymous_5)
DA:12,32
DA:13,32
DA:14,32
DA:15,32
DA:17,32
DA:18,20
DA:19,16
DA:20,16
DA:23,4
DA:24,4
DA:25,4
DA:27,4
DA:32,3
DA:33,2
DA:37,2
DA:39,4
DA:41,4
DA:44,32
LF:18
LH:18
BRDA:18,0,0,16
BRDA:18,0,1,4
BRDA:18,1,0,20
BRDA:18,1,1,4
BRDA:32,2,0,1
BRDA:32,2,1,2
BRDA:37,3,0,1
BRDA:37,3,1,1
BRF:8
BRH:8
end_of_record
TN:
SF:src/client/hooks/useFollow.ts
FN:28,useFollow
FN:34,(anonymous_1)
FN:55,(anonymous_2)
FNF:3
FNH:3
FNDA:22,useFollow
FNDA:3,(anonymous_1)
FNDA:3,(anonymous_2)
DA:29,22
DA:30,22
DA:31,22
DA:33,22
DA:35,3
DA:36,2
DA:37,2
DA:38,2
DA:39,2
DA:43,2
DA:45,1
DA:46,1
DA:48,2
DA:54,22
DA:56,3
DA:57,2
DA:58,2
DA:59,2
DA:60,2
DA:64,2
DA:66,1
DA:67,1
DA:69,2
DA:75,22
LF:24
LH:24
BRDA:35,0,0,1
BRDA:35,0,1,2
BRDA:43,1,0,1
BRDA:43,1,1,1
BRDA:56,2,0,1
BRDA:56,2,1,2
BRDA:64,3,0,1
BRDA:64,3,1,1
BRF:8
BRH:8
end_of_record
TN:
SF:src/client/hooks/useInfinite.ts
FN:30,useInfinite
FN:44,(anonymous_1)
FN:64,(anonymous_2)
FN:76,(anonymous_3)
FN:87,(anonymous_4)
FN:93,(anonymous_5)
FN:99,(anonymous_6)
FNF:7
FNH:7
FNDA:101,useInfinite
FNDA:27,(anonymous_1)
FNDA:23,(anonymous_2)
FNDA:37,(anonymous_3)
FNDA:23,(anonymous_4)
FNDA:4,(anonymous_5)
FNDA:2,(anonymous_6)
DA:34,101
DA:35,101
DA:36,101
DA:37,101
DA:38,101
DA:39,101
DA:40,101
DA:41,101
DA:43,101
DA:45,27
DA:46,27
DA:47,27
DA:49,27
DA:50,27
DA:52,27
DA:53,27
DA:54,25
DA:55,24
DA:57,24
DA:59,23
DA:60,27
DA:62,27
DA:63,27
DA:64,27
DA:66,3
DA:67,2
DA:69,27
DA:76,101
DA:77,37
DA:78,37
DA:79,14
DA:80,14
DA:81,14
DA:82,14
DA:85,23
DA:87,23
DA:88,23
DA:89,23
DA:93,101
DA:94,4
DA:95,3
DA:96,3
DA:99,101
DA:100,2
DA:101,2
DA:102,2
DA:103,2
DA:104,2
DA:105,1
DA:109,101
LF:50
LH:50
BRDA:32,0,0,101
BRDA:50,1,0,24
BRDA:50,1,1,3
BRDA:54,2,0,1
BRDA:54,2,1,24
BRDA:57,3,0,1
BRDA:57,3,1,23
BRDA:59,4,0,23
BRDA:59,4,1,1
BRDA:60,5,0,27
BRDA:60,5,1,19
BRDA:64,6,0,1
BRDA:64,6,1,22
BRDA:66,7,0,1
BRDA:66,7,1,2
BRDA:67,8,0,1
BRDA:67,8,1,1
BRDA:69,9,0,24
BRDA:69,9,1,3
BRDA:78,10,0,14
BRDA:78,10,1,23
BRDA:78,11,0,37
BRDA:78,11,1,24
BRDA:94,12,0,1
BRDA:94,12,1,3
BRDA:94,13,0,4
BRDA:94,13,1,4
BRDA:104,14,0,1
BRDA:104,14,1,1
BRDA:104,15,0,2
BRDA:104,15,1,1
BRF:31
BRH:31
end_of_record
TN:
SF:src/client/hooks/useInfinitePlaylistSearch.ts
FN:32,useInfinitePlaylistSearch
FN:36,(anonymous_1)
FNF:2
FNH:2
FNDA:8,useInfinitePlaylistSearch
FNDA:3,(anonymous_1)
DA:36,8
DA:37,3
DA:38,2
DA:39,2
DA:40,2
DA:43,8
LF:6
LH:6
BRDA:37,0,0,1
BRDA:37,0,1,2
BRDA:39,1,0,1
BRDA:39,1,1,1
BRF:4
BRH:4
end_of_record
TN:
SF:src/client/hooks/useInfinitePlaylistTracks.ts
FN:26,useInfinitePlaylistTracks
FN:29,(anonymous_1)
FNF:2
FNH:2
FNDA:5,useInfinitePlaylistTracks
FNDA:2,(anonymous_1)
DA:29,5
DA:30,5
LF:2
LH:2
BRDA:29,0,0,1
BRDA:29,0,1,1
BRF:2
BRH:2
end_of_record
TN:
SF:src/client/hooks/useInfiniteTrackComments.ts
FN:25,useInfiniteTrackComments
FN:28,(anonymous_1)
FNF:2
FNH:2
FNDA:5,useInfiniteTrackComments
FNDA:2,(anonymous_1)
DA:28,5
DA:29,5
LF:2
LH:2
BRDA:28,0,0,1
BRDA:28,0,1,1
BRF:2
BRH:2
end_of_record
TN:
SF:src/client/hooks/useInfiniteTrackSearch.ts
FN:33,useInfiniteTrackSearch
FN:37,(anonymous_1)
FNF:2
FNH:2
FNDA:8,useInfiniteTrackSearch
FNDA:3,(anonymous_1)
DA:37,8
DA:38,3
DA:39,2
DA:40,2
DA:41,2
DA:44,8
LF:6
LH:6
BRDA:38,0,0,1
BRDA:38,0,1,2
BRDA:40,1,0,1
BRDA:40,1,1,1
BRF:4
BRH:4
end_of_record
TN:
SF:src/client/hooks/useInfiniteUserFollowers.ts
FN:26,useInfiniteUserFollowers
FN:29,(anonymous_1)
FNF:2
FNH:2
FNDA:5,useInfiniteUserFollowers
FNDA:2,(anonymous_1)
DA:29,5
DA:30,5
LF:2
LH:2
BRDA:29,0,0,1
BRDA:29,0,1,1
BRF:2
BRH:2
end_of_record
TN:
SF:src/client/hooks/useInfiniteUserFollowings.ts
FN:26,useInfiniteUserFollowings
FN:29,(anonymous_1)
FNF:2
FNH:2
FNDA:5,useInfiniteUserFollowings
FNDA:2,(anonymous_1)
DA:29,5
DA:30,5
LF:2
LH:2
BRDA:29,0,0,1
BRDA:29,0,1,1
BRF:2
BRH:2
end_of_record
TN:
SF:src/client/hooks/useInfiniteUserLikes.ts
FN:25,useInfiniteUserLikes
FN:28,(anonymous_1)
FNF:2
FNH:2
FNDA:5,useInfiniteUserLikes
FNDA:2,(anonymous_1)
DA:28,5
DA:29,5
LF:2
LH:2
BRDA:28,0,0,1
BRDA:28,0,1,1
BRF:2
BRH:2
end_of_record
TN:
SF:src/client/hooks/useInfiniteUserPlaylists.ts
FN:25,useInfiniteUserPlaylists
FN:28,(anonymous_1)
FNF:2
FNH:2
FNDA:5,useInfiniteUserPlaylists
FNDA:2,(anonymous_1)
DA:28,5
DA:29,5
LF:2
LH:2
BRDA:28,0,0,1
BRDA:28,0,1,1
BRF:2
BRH:2
end_of_record
TN:
SF:src/client/hooks/useInfiniteUserSearch.ts
FN:32,useInfiniteUserSearch
FN:36,(anonymous_1)
FNF:2
FNH:2
FNDA:8,useInfiniteUserSearch
FNDA:3,(anonymous_1)
DA:36,8
DA:37,3
DA:38,2
DA:39,2
DA:40,2
DA:43,8
LF:6
LH:6
BRDA:37,0,0,1
BRDA:37,0,1,2
BRDA:39,1,0,1
BRDA:39,1,1,1
BRF:4
BRH:4
end_of_record
TN:
SF:src/client/hooks/useInfiniteUserTracks.ts
FN:25,useInfiniteUserTracks
FN:28,(anonymous_1)
FNF:2
FNH:2
FNDA:5,useInfiniteUserTracks
FNDA:2,(anonymous_1)
DA:28,5
DA:29,5
LF:2
LH:2
BRDA:28,0,0,1
BRDA:28,0,1,1
BRF:2
BRH:2
end_of_record
TN:
SF:src/client/hooks/useLike.ts
FN:29,useLike
FN:35,(anonymous_1)
FN:56,(anonymous_2)
FNF:3
FNH:3
FNDA:22,useLike
FNDA:3,(anonymous_1)
FNDA:3,(anonymous_2)
DA:30,22
DA:31,22
DA:32,22
DA:34,22
DA:36,3
DA:37,2
DA:38,2
DA:39,2
DA:40,2
DA:44,2
DA:46,1
DA:47,1
DA:49,2
DA:55,22
DA:57,3
DA:58,2
DA:59,2
DA:60,2
DA:61,2
DA:65,2
DA:67,1
DA:68,1
DA:70,2
DA:76,22
LF:24
LH:24
BRDA:36,0,0,1
BRDA:36,0,1,2
BRDA:44,1,0,1
BRDA:44,1,1,1
BRDA:57,2,0,1
BRDA:57,2,1,2
BRDA:65,3,0,1
BRDA:65,3,1,1
BRF:8
BRH:8
end_of_record
TN:
SF:src/client/hooks/useMe.ts
FN:28,useMe
FNF:1
FNH:1
FNDA:21,useMe
DA:29,21
LF:1
LH:1
BRF:0
BRH:0
end_of_record
TN:
SF:src/client/hooks/useMeFollowers.ts
FN:25,useMeFollowers
FNF:1
FNH:1
FNDA:1,useMeFollowers
DA:26,1
LF:1
LH:1
BRF:0
BRH:0
end_of_record
TN:
SF:src/client/hooks/useMeFollowings.ts
FN:25,useMeFollowings
FNF:1
FNH:1
FNDA:1,useMeFollowings
DA:26,1
LF:1
LH:1
BRF:0
BRH:0
end_of_record
TN:
SF:src/client/hooks/useMeLikes.ts
FN:25,useMeLikes
FNF:1
FNH:1
FNDA:1,useMeLikes
DA:26,1
LF:1
LH:1
BRF:0
BRH:0
end_of_record
TN:
SF:src/client/hooks/useMePlaylists.ts
FN:25,useMePlaylists
FNF:1
FNH:1
FNDA:1,useMePlaylists
DA:26,1
LF:1
LH:1
BRF:0
BRH:0
end_of_record
TN:
SF:src/client/hooks/useMeTracks.ts
FN:25,useMeTracks
FNF:1
FNH:1
FNDA:1,useMeTracks
DA:26,1
LF:1
LH:1
BRF:0
BRH:0
end_of_record
TN:
SF:src/client/hooks/usePlayer.ts
FN:33,usePlayer
FN:41,(anonymous_1)
FN:50,(anonymous_2)
FN:54,(anonymous_3)
FN:61,(anonymous_4)
FN:65,(anonymous_5)
FN:69,(anonymous_6)
FN:74,(anonymous_7)
FN:78,(anonymous_8)
FN:91,(anonymous_9)
FN:96,(anonymous_10)
FN:101,(anonymous_11)
FN:111,(anonymous_12)
FNF:13
FNH:13
FNDA:20,usePlayer
FNDA:11,(anonymous_1)
FNDA:8,(anonymous_2)
FNDA:7,(anonymous_3)
FNDA:1,(anonymous_4)
FNDA:1,(anonymous_5)
FNDA:1,(anonymous_6)
FNDA:2,(anonymous_7)
FNDA:8,(anonymous_8)
FNDA:2,(anonymous_9)
FNDA:1,(anonymous_10)
FNDA:3,(anonymous_11)
FNDA:2,(anonymous_12)
DA:34,20
DA:35,20
DA:36,20
DA:37,20
DA:38,20
DA:41,20
DA:42,11
DA:44,8
DA:45,8
DA:47,8
DA:51,8
DA:52,7
DA:55,7
DA:56,7
DA:58,6
DA:59,6
DA:61,6
DA:62,1
DA:65,6
DA:66,1
DA:69,6
DA:70,1
DA:71,1
DA:78,8
DA:79,8
DA:80,8
DA:81,6
DA:82,6
DA:83,6
DA:85,8
DA:86,8
DA:87,8
DA:91,20
DA:92,2
DA:93,2
DA:96,20
DA:97,1
DA:98,1
DA:101,20
DA:102,3
DA:103,1
DA:104,1
DA:106,2
DA:107,2
DA:111,20
DA:112,2
DA:113,1
DA:114,1
DA:118,20
LF:49
LH:49
BRDA:42,0,0,3
BRDA:42,0,1,8
BRDA:51,1,0,1
BRDA:51,1,1,7
BRDA:55,2,0,7
BRDA:55,2,1,2
BRDA:56,3,0,1
BRDA:56,3,1,6
BRDA:80,4,0,6
BRDA:80,4,1,2
BRDA:102,5,0,1
BRDA:102,5,1,2
BRDA:112,6,0,1
BRDA:112,6,1,1
BRF:14
BRH:14
end_of_record
TN:
SF:src/client/hooks/usePlaylist.ts
FN:27,usePlaylist
FN:35,(anonymous_1)
FN:46,(anonymous_2)
FN:51,(anonymous_3)
FN:54,(anonymous_4)
FN:56,(anonymous_5)
FNF:6
FNH:6
FNDA:14,usePlaylist
FNDA:6,(anonymous_1)
FNDA:3,(anonymous_2)
FNDA:2,(anonymous_3)
FNDA:4,(anonymous_4)
FNDA:4,(anonymous_5)
DA:30,14
DA:31,14
DA:32,14
DA:33,14
DA:35,14
DA:36,6
DA:37,2
DA:38,2
DA:41,4
DA:42,4
DA:43,4
DA:45,4
DA:47,3
DA:48,2
DA:52,2
DA:54,4
DA:56,4
DA:59,14
LF:18
LH:18
BRDA:36,0,0,2
BRDA:36,0,1,4
BRDA:47,1,0,1
BRDA:47,1,1,2
BRDA:52,2,0,1
BRDA:52,2,1,1
BRF:6
BRH:6
end_of_record
TN:
SF:src/client/hooks/usePlaylistSearch.ts
FN:27,usePlaylistSearch
FN:35,(anonymous_1)
FN:48,(anonymous_2)
FN:52,(anonymous_3)
FN:53,(anonymous_4)
FN:56,(anonymous_5)
FN:58,(anonymous_6)
FNF:7
FNH:7
FNDA:17,usePlaylistSearch
FNDA:7,(anonymous_1)
FNDA:4,(anonymous_2)
FNDA:3,(anonymous_3)
FNDA:2,(anonymous_4)
FNDA:5,(anonymous_5)
FNDA:5,(anonymous_6)
DA:30,17
DA:31,17
DA:32,17
DA:33,17
DA:35,17
DA:36,7
DA:37,2
DA:38,2
DA:41,5
DA:42,5
DA:43,5
DA:45,5
DA:47,5
DA:49,4
DA:50,3
DA:52,3
DA:54,2
DA:56,5
DA:58,5
DA:61,17
LF:20
LH:20
BRDA:36,0,0,2
BRDA:36,0,1,5
BRDA:49,1,0,1
BRDA:49,1,1,3
BRDA:52,2,0,3
BRDA:52,2,1,1
BRDA:54,3,0,1
BRDA:54,3,1,1
BRF:8
BRH:8
end_of_record
TN:
SF:src/client/hooks/usePlaylistTracks.ts
FN:27,usePlaylistTracks
FN:35,(anonymous_1)
FN:46,(anonymous_2)
FN:50,(anonymous_3)
FN:51,(anonymous_4)
FN:54,(anonymous_5)
FN:56,(anonymous_6)
FNF:7
FNH:7
FNDA:12,usePlaylistTracks
FNDA:5,(anonymous_1)
FNDA:3,(anonymous_2)
FNDA:2,(anonymous_3)
FNDA:2,(anonymous_4)
FNDA:4,(anonymous_5)
FNDA:4,(anonymous_6)
DA:30,12
DA:31,12
DA:32,12
DA:33,12
DA:35,12
DA:36,5
DA:37,1
DA:38,1
DA:41,4
DA:42,4
DA:43,4
DA:45,4
DA:47,3
DA:48,2
DA:50,2
DA:52,2
DA:54,4
DA:56,4
DA:59,12
LF:19
LH:19
BRDA:36,0,0,1
BRDA:36,0,1,4
BRDA:47,1,0,1
BRDA:47,1,1,2
BRDA:50,2,0,2
BRDA:50,2,1,1
BRDA:52,3,0,1
BRDA:52,3,1,1
BRF:8
BRH:8
end_of_record
TN:
SF:src/client/hooks/useRelatedTracks.ts
FN:26,useRelatedTracks
FN:34,(anonymous_1)
FN:45,(anonymous_2)
FN:49,(anonymous_3)
FN:50,(anonymous_4)
FN:53,(anonymous_5)
FN:55,(anonymous_6)
FNF:7
FNH:7
FNDA:12,useRelatedTracks
FNDA:5,(anonymous_1)
FNDA:3,(anonymous_2)
FNDA:2,(anonymous_3)
FNDA:2,(anonymous_4)
FNDA:4,(anonymous_5)
FNDA:4,(anonymous_6)
DA:29,12
DA:30,12
DA:31,12
DA:32,12
DA:34,12
DA:35,5
DA:36,1
DA:37,1
DA:40,4
DA:41,4
DA:42,4
DA:44,4
DA:46,3
DA:47,2
DA:49,2
DA:51,2
DA:53,4
DA:55,4
DA:58,12
LF:19
LH:19
BRDA:35,0,0,1
BRDA:35,0,1,4
BRDA:46,1,0,1
BRDA:46,1,1,2
BRDA:49,2,0,2
BRDA:49,2,1,1
BRDA:51,3,0,1
BRDA:51,3,1,1
BRF:8
BRH:8
end_of_record
TN:
SF:src/client/hooks/useRepost.ts
FN:28,useRepost
FN:34,(anonymous_1)
FN:55,(anonymous_2)
FNF:3
FNH:3
FNDA:22,useRepost
FNDA:3,(anonymous_1)
FNDA:3,(anonymous_2)
DA:29,22
DA:30,22
DA:31,22
DA:33,22
DA:35,3
DA:36,2
DA:37,2
DA:38,2
DA:39,2
DA:43,2
DA:45,1
DA:46,1
DA:48,2
DA:54,22
DA:56,3
DA:57,2
DA:58,2
DA:59,2
DA:60,2
DA:64,2
DA:66,1
DA:67,1
DA:69,2
DA:75,22
LF:24
LH:24
BRDA:35,0,0,1
BRDA:35,0,1,2
BRDA:43,1,0,1
BRDA:43,1,1,1
BRDA:56,2,0,1
BRDA:56,2,1,2
BRDA:64,3,0,1
BRDA:64,3,1,1
BRF:8
BRH:8
end_of_record
TN:
SF:src/client/hooks/useSCAuth.ts
FN:27,useSCAuth
FN:49,(anonymous_1)
FNF:2
FNH:2
FNDA:97,useSCAuth
FNDA:19,(anonymous_1)
DA:28,97
DA:31,97
DA:50,19
DA:51,19
DA:52,18
DA:53,18
DA:58,18
LF:7
LH:7
BRDA:51,0,0,1
BRDA:51,0,1,18
BRF:2
BRH:2
end_of_record
TN:
SF:src/client/hooks/useTrack.ts
FN:29,useTrack
FN:37,(anonymous_1)
FN:48,(anonymous_2)
FN:53,(anonymous_3)
FN:56,(anonymous_4)
FN:58,(anonymous_5)
FNF:6
FNH:6
FNDA:22,useTrack
FNDA:9,(anonymous_1)
FNDA:6,(anonymous_2)
FNDA:2,(anonymous_3)
FNDA:7,(anonymous_4)
FNDA:7,(anonymous_5)
DA:32,22
DA:33,22
DA:34,22
DA:35,22
DA:37,22
DA:38,9
DA:39,2
DA:40,2
DA:43,7
DA:44,7
DA:45,7
DA:47,7
DA:49,6
DA:50,5
DA:54,2
DA:56,7
DA:58,7
DA:61,22
LF:18
LH:18
BRDA:38,0,0,2
BRDA:38,0,1,7
BRDA:49,1,0,1
BRDA:49,1,1,5
BRDA:54,2,0,1
BRDA:54,2,1,1
BRF:6
BRH:6
end_of_record
TN:
SF:src/client/hooks/useTrackComments.ts
FN:27,useTrackComments
FN:35,(anonymous_1)
FN:46,(anonymous_2)
FN:50,(anonymous_3)
FN:51,(anonymous_4)
FN:54,(anonymous_5)
FN:56,(anonymous_6)
FNF:7
FNH:7
FNDA:12,useTrackComments
FNDA:5,(anonymous_1)
FNDA:3,(anonymous_2)
FNDA:2,(anonymous_3)
FNDA:2,(anonymous_4)
FNDA:4,(anonymous_5)
FNDA:4,(anonymous_6)
DA:30,12
DA:31,12
DA:32,12
DA:33,12
DA:35,12
DA:36,5
DA:37,1
DA:38,1
DA:41,4
DA:42,4
DA:43,4
DA:45,4
DA:47,3
DA:48,2
DA:50,2
DA:52,2
DA:54,4
DA:56,4
DA:59,12
LF:19
LH:19
BRDA:36,0,0,1
BRDA:36,0,1,4
BRDA:47,1,0,1
BRDA:47,1,1,2
BRDA:50,2,0,2
BRDA:50,2,1,1
BRDA:52,3,0,1
BRDA:52,3,1,1
BRF:8
BRH:8
end_of_record
TN:
SF:src/client/hooks/useTrackLikes.ts
FN:27,useTrackLikes
FN:35,(anonymous_1)
FN:46,(anonymous_2)
FN:50,(anonymous_3)
FN:51,(anonymous_4)
FN:54,(anonymous_5)
FN:56,(anonymous_6)
FNF:7
FNH:7
FNDA:12,useTrackLikes
FNDA:5,(anonymous_1)
FNDA:3,(anonymous_2)
FNDA:2,(anonymous_3)
FNDA:2,(anonymous_4)
FNDA:4,(anonymous_5)
FNDA:4,(anonymous_6)
DA:30,12
DA:31,12
DA:32,12
DA:33,12
DA:35,12
DA:36,5
DA:37,1
DA:38,1
DA:41,4
DA:42,4
DA:43,4
DA:45,4
DA:47,3
DA:48,2
DA:50,2
DA:52,2
DA:54,4
DA:56,4
DA:59,12
LF:19
LH:19
BRDA:36,0,0,1
BRDA:36,0,1,4
BRDA:47,1,0,1
BRDA:47,1,1,2
BRDA:50,2,0,2
BRDA:50,2,1,1
BRDA:52,3,0,1
BRDA:52,3,1,1
BRF:8
BRH:8
end_of_record
TN:
SF:src/client/hooks/useTrackSearch.ts
FN:36,useTrackSearch
FN:45,(anonymous_1)
FN:61,(anonymous_2)
FN:65,(anonymous_3)
FN:66,(anonymous_4)
FN:69,(anonymous_5)
FN:71,(anonymous_6)
FNF:7
FNH:7
FNDA:20,useTrackSearch
FNDA:8,(anonymous_1)
FNDA:5,(anonymous_2)
FNDA:4,(anonymous_3)
FNDA:2,(anonymous_4)
FNDA:6,(anonymous_5)
FNDA:6,(anonymous_6)
DA:40,20
DA:41,20
DA:42,20
DA:43,20
DA:45,20
DA:46,8
DA:47,2
DA:48,2
DA:51,6
DA:52,6
DA:53,6
DA:55,6
DA:56,6
DA:58,6
DA:62,5
DA:63,4
DA:65,4
DA:67,2
DA:69,6
DA:71,6
DA:74,20
LF:21
LH:21
BRDA:46,0,0,2
BRDA:46,0,1,6
BRDA:56,1,0,1
BRDA:56,1,1,5
BRDA:62,2,0,1
BRDA:62,2,1,4
BRDA:65,3,0,4
BRDA:65,3,1,1
BRDA:67,4,0,1
BRDA:67,4,1,1
BRF:10
BRH:10
end_of_record
TN:
SF:src/client/hooks/useUser.ts
FN:28,useUser
FN:36,(anonymous_1)
FN:47,(anonymous_2)
FN:52,(anonymous_3)
FN:55,(anonymous_4)
FN:57,(anonymous_5)
FNF:6
FNH:6
FNDA:14,useUser
FNDA:6,(anonymous_1)
FNDA:3,(anonymous_2)
FNDA:2,(anonymous_3)
FNDA:4,(anonymous_4)
FNDA:4,(anonymous_5)
DA:31,14
DA:32,14
DA:33,14
DA:34,14
DA:36,14
DA:37,6
DA:38,2
DA:39,2
DA:42,4
DA:43,4
DA:44,4
DA:46,4
DA:48,3
DA:49,2
DA:53,2
DA:55,4
DA:57,4
DA:60,14
LF:18
LH:18
BRDA:37,0,0,2
BRDA:37,0,1,4
BRDA:48,1,0,1
BRDA:48,1,1,2
BRDA:53,2,0,1
BRDA:53,2,1,1
BRF:6
BRH:6
end_of_record
TN:
SF:src/client/hooks/useUserFollowers.ts
FN:28,useUserFollowers
FN:36,(anonymous_1)
FN:47,(anonymous_2)
FN:51,(anonymous_3)
FN:52,(anonymous_4)
FN:55,(anonymous_5)
FN:57,(anonymous_6)
FNF:7
FNH:7
FNDA:12,useUserFollowers
FNDA:5,(anonymous_1)
FNDA:3,(anonymous_2)
FNDA:2,(anonymous_3)
FNDA:2,(anonymous_4)
FNDA:4,(anonymous_5)
FNDA:4,(anonymous_6)
DA:31,12
DA:32,12
DA:33,12
DA:34,12
DA:36,12
DA:37,5
DA:38,1
DA:39,1
DA:42,4
DA:43,4
DA:44,4
DA:46,4
DA:48,3
DA:49,2
DA:51,2
DA:53,2
DA:55,4
DA:57,4
DA:60,12
LF:19
LH:19
BRDA:37,0,0,1
BRDA:37,0,1,4
BRDA:48,1,0,1
BRDA:48,1,1,2
BRDA:51,2,0,2
BRDA:51,2,1,1
BRDA:53,3,0,1
BRDA:53,3,1,1
BRF:8
BRH:8
end_of_record
TN:
SF:src/client/hooks/useUserFollowings.ts
FN:28,useUserFollowings
FN:36,(anonymous_1)
FN:47,(anonymous_2)
FN:51,(anonymous_3)
FN:52,(anonymous_4)
FN:55,(anonymous_5)
FN:57,(anonymous_6)
FNF:7
FNH:7
FNDA:12,useUserFollowings
FNDA:5,(anonymous_1)
FNDA:3,(anonymous_2)
FNDA:2,(anonymous_3)
FNDA:2,(anonymous_4)
FNDA:4,(anonymous_5)
FNDA:4,(anonymous_6)
DA:31,12
DA:32,12
DA:33,12
DA:34,12
DA:36,12
DA:37,5
DA:38,1
DA:39,1
DA:42,4
DA:43,4
DA:44,4
DA:46,4
DA:48,3
DA:49,2
DA:51,2
DA:53,2
DA:55,4
DA:57,4
DA:60,12
LF:19
LH:19
BRDA:37,0,0,1
BRDA:37,0,1,4
BRDA:48,1,0,1
BRDA:48,1,1,2
BRDA:51,2,0,2
BRDA:51,2,1,1
BRDA:53,3,0,1
BRDA:53,3,1,1
BRF:8
BRH:8
end_of_record
TN:
SF:src/client/hooks/useUserLikes.ts
FN:27,useUserLikes
FN:35,(anonymous_1)
FN:46,(anonymous_2)
FN:50,(anonymous_3)
FN:51,(anonymous_4)
FN:54,(anonymous_5)
FN:56,(anonymous_6)
FNF:7
FNH:7
FNDA:12,useUserLikes
FNDA:5,(anonymous_1)
FNDA:3,(anonymous_2)
FNDA:2,(anonymous_3)
FNDA:2,(anonymous_4)
FNDA:4,(anonymous_5)
FNDA:4,(anonymous_6)
DA:30,12
DA:31,12
DA:32,12
DA:33,12
DA:35,12
DA:36,5
DA:37,1
DA:38,1
DA:41,4
DA:42,4
DA:43,4
DA:45,4
DA:47,3
DA:48,2
DA:50,2
DA:52,2
DA:54,4
DA:56,4
DA:59,12
LF:19
LH:19
BRDA:36,0,0,1
BRDA:36,0,1,4
BRDA:47,1,0,1
BRDA:47,1,1,2
BRDA:50,2,0,2
BRDA:50,2,1,1
BRDA:52,3,0,1
BRDA:52,3,1,1
BRF:8
BRH:8
end_of_record
TN:
SF:src/client/hooks/useUserPlaylists.ts
FN:27,useUserPlaylists
FN:35,(anonymous_1)
FN:46,(anonymous_2)
FN:50,(anonymous_3)
FN:51,(anonymous_4)
FN:54,(anonymous_5)
FN:56,(anonymous_6)
FNF:7
FNH:7
FNDA:12,useUserPlaylists
FNDA:5,(anonymous_1)
FNDA:3,(anonymous_2)
FNDA:2,(anonymous_3)
FNDA:2,(anonymous_4)
FNDA:4,(anonymous_5)
FNDA:4,(anonymous_6)
DA:30,12
DA:31,12
DA:32,12
DA:33,12
DA:35,12
DA:36,5
DA:37,1
DA:38,1
DA:41,4
DA:42,4
DA:43,4
DA:45,4
DA:47,3
DA:48,2
DA:50,2
DA:52,2
DA:54,4
DA:56,4
DA:59,12
LF:19
LH:19
BRDA:36,0,0,1
BRDA:36,0,1,4
BRDA:47,1,0,1
BRDA:47,1,1,2
BRDA:50,2,0,2
BRDA:50,2,1,1
BRDA:52,3,0,1
BRDA:52,3,1,1
BRF:8
BRH:8
end_of_record
TN:
SF:src/client/hooks/useUserSearch.ts
FN:27,useUserSearch
FN:35,(anonymous_1)
FN:48,(anonymous_2)
FN:52,(anonymous_3)
FN:53,(anonymous_4)
FN:56,(anonymous_5)
FN:58,(anonymous_6)
FNF:7
FNH:7
FNDA:17,useUserSearch
FNDA:7,(anonymous_1)
FNDA:4,(anonymous_2)
FNDA:3,(anonymous_3)
FNDA:2,(anonymous_4)
FNDA:5,(anonymous_5)
FNDA:5,(anonymous_6)
DA:30,17
DA:31,17
DA:32,17
DA:33,17
DA:35,17
DA:36,7
DA:37,2
DA:38,2
DA:41,5
DA:42,5
DA:43,5
DA:45,5
DA:47,5
DA:49,4
DA:50,3
DA:52,3
DA:54,2
DA:56,5
DA:58,5
DA:61,17
LF:20
LH:20
BRDA:36,0,0,2
BRDA:36,0,1,5
BRDA:49,1,0,1
BRDA:49,1,1,3
BRDA:52,2,0,3
BRDA:52,2,1,1
BRDA:54,3,0,1
BRDA:54,3,1,1
BRF:8
BRH:8
end_of_record
TN:
SF:src/client/hooks/useUserTracks.ts
FN:27,useUserTracks
FN:35,(anonymous_1)
FN:46,(anonymous_2)
FN:50,(anonymous_3)
FN:51,(anonymous_4)
FN:54,(anonymous_5)
FN:56,(anonymous_6)
FNF:7
FNH:7
FNDA:12,useUserTracks
FNDA:5,(anonymous_1)
FNDA:3,(anonymous_2)
FNDA:2,(anonymous_3)
FNDA:2,(anonymous_4)
FNDA:4,(anonymous_5)
FNDA:4,(anonymous_6)
DA:30,12
DA:31,12
DA:32,12
DA:33,12
DA:35,12
DA:36,5
DA:37,1
DA:38,1
DA:41,4
DA:42,4
DA:43,4
DA:45,4
DA:47,3
DA:48,2
DA:50,2
DA:52,2
DA:54,4
DA:56,4
DA:59,12
LF:19
LH:19
BRDA:36,0,0,1
BRDA:36,0,1,4
BRDA:47,1,0,1
BRDA:47,1,1,2
BRDA:50,2,0,2
BRDA:50,2,1,1
BRDA:52,3,0,1
BRDA:52,3,1,1
BRF:8
BRH:8
end_of_record
TN:
SF:src/server/routes.ts
FN:65,cleanPkceStore
FN:72,ensureToken
FN:81,jsonResponse
FN:88,errorResponse
FN:92,getUserTokenFromHeaders
FN:98,handleRoute
FN:451,createSoundCloudRoutes
FN:459,(anonymous_7)
FN:463,(anonymous_8)
FN:467,(anonymous_9)
FN:471,(anonymous_10)
FN:475,(anonymous_11)
FN:479,(anonymous_12)
FN:483,(anonymous_13)
FN:487,(anonymous_14)
FN:491,(anonymous_15)
FN:495,(anonymous_16)
FN:499,(anonymous_17)
FN:503,(anonymous_18)
FN:507,(anonymous_19)
FN:511,(anonymous_20)
FN:515,(anonymous_21)
FN:519,(anonymous_22)
FN:528,(anonymous_23)
FN:529,(anonymous_24)
FN:558,(anonymous_25)
FN:559,(anonymous_26)
FNF:27
FNH:27
FNDA:4,cleanPkceStore
FNDA:51,ensureToken
FNDA:78,jsonResponse
FNDA:26,errorResponse
FNDA:63,getUserTokenFromHeaders
FNDA:79,handleRoute
FNDA:98,createSoundCloudRoutes
FNDA:1,(anonymous_7)
FNDA:1,(anonymous_8)
FNDA:1,(anonymous_9)
FNDA:1,(anonymous_10)
FNDA:1,(anonymous_11)
FNDA:1,(anonymous_12)
FNDA:1,(anonymous_13)
FNDA:1,(anonymous_14)
FNDA:1,(anonymous_15)
FNDA:1,(anonymous_16)
FNDA:1,(anonymous_17)
FNDA:1,(anonymous_18)
FNDA:1,(anonymous_19)
FNDA:1,(anonymous_20)
FNDA:1,(anonymous_21)
FNDA:1,(anonymous_22)
FNDA:98,(anonymous_23)
FNDA:73,(anonymous_24)
FNDA:8,(anonymous_25)
FNDA:8,(anonymous_26)
DA:55,1
DA:62,1
DA:66,4
DA:67,4
DA:68,4
DA:73,51
DA:74,50
DA:75,50
DA:77,50
DA:78,50
DA:82,78
DA:89,26
DA:93,63
DA:94,63
DA:95,46
DA:108,79
DA:109,5
DA:110,1
DA:112,4
DA:113,4
DA:114,4
DA:115,4
DA:116,4
DA:117,4
DA:121,4
DA:125,74
DA:126,4
DA:127,1
DA:129,3
DA:130,3
DA:131,3
DA:132,2
DA:133,2
DA:134,1
DA:135,1
DA:142,1
DA:146,70
DA:147,3
DA:148,1
DA:150,2
DA:151,3
DA:152,1
DA:158,1
DA:162,67
DA:163,4
DA:164,4
DA:165,2
DA:166,2
DA:171,4
DA:175,63
DA:178,63
DA:179,3
DA:180,2
DA:181,2
DA:185,60
DA:186,2
DA:187,1
DA:188,1
DA:192,58
DA:193,2
DA:194,1
DA:195,1
DA:199,56
DA:200,2
DA:201,1
DA:202,1
DA:206,54
DA:207,2
DA:208,1
DA:209,1
DA:213,52
DA:214,2
DA:215,1
DA:216,1
DA:222,50
DA:223,50
DA:224,3
DA:225,2
DA:226,2
DA:227,1
DA:229,1
DA:231,2
DA:235,47
DA:236,47
DA:237,3
DA:238,2
DA:239,2
DA:240,1
DA:242,1
DA:244,2
DA:248,44
DA:249,44
DA:250,3
DA:251,2
DA:252,2
DA:253,1
DA:255,1
DA:257,2
DA:261,41
DA:262,41
DA:263,3
DA:264,2
DA:265,2
DA:266,1
DA:268,1
DA:270,2
DA:274,38
DA:275,38
DA:276,3
DA:277,2
DA:278,2
DA:279,1
DA:281,1
DA:283,2
DA:287,35
DA:290,35
DA:291,2
DA:292,2
DA:293,1
DA:294,1
DA:298,33
DA:299,2
DA:300,2
DA:301,1
DA:302,1
DA:306,31
DA:307,2
DA:308,2
DA:309,1
DA:310,1
DA:314,29
DA:315,3
DA:316,3
DA:317,2
DA:318,2
DA:319,2
DA:323,26
DA:324,26
DA:325,1
DA:326,1
DA:330,25
DA:331,25
DA:332,1
DA:333,1
DA:337,24
DA:338,24
DA:339,1
DA:340,1
DA:344,23
DA:345,23
DA:346,1
DA:347,1
DA:351,22
DA:352,22
DA:353,11
DA:354,7
DA:358,11
DA:359,11
DA:360,1
DA:361,1
DA:365,10
DA:366,10
DA:367,1
DA:368,1
DA:372,9
DA:373,9
DA:374,2
DA:375,2
DA:380,2
DA:384,7
DA:385,7
DA:386,1
DA:387,1
DA:391,6
DA:392,6
DA:393,1
DA:394,1
DA:398,5
DA:399,5
DA:400,1
DA:401,1
DA:405,4
DA:406,4
DA:407,1
DA:408,1
DA:412,3
DA:413,3
DA:414,1
DA:415,1
DA:418,2
DA:452,98
DA:454,98
DA:455,98
DA:457,98
DA:460,1
DA:461,1
DA:464,1
DA:465,1
DA:468,1
DA:469,1
DA:472,1
DA:473,1
DA:476,1
DA:477,1
DA:480,1
DA:481,1
DA:484,1
DA:485,1
DA:488,1
DA:489,1
DA:492,1
DA:493,1
DA:496,1
DA:497,1
DA:500,1
DA:501,1
DA:504,1
DA:505,1
DA:508,1
DA:509,1
DA:512,1
DA:513,1
DA:516,1
DA:517,1
DA:520,1
DA:521,1
DA:529,98
DA:530,73
DA:531,73
DA:533,73
DA:534,73
DA:536,73
DA:537,73
DA:538,17
DA:539,17
DA:541,11
DA:545,73
DA:547,3
DA:548,3
DA:551,98
DA:559,8
DA:560,8
DA:561,8
DA:565,8
DA:566,8
DA:567,8
DA:569,8
DA:570,8
DA:571,1
DA:574,6
DA:575,5
DA:576,5
DA:578,3
DA:579,3
LF:254
LH:254
BRDA:68,0,0,2
BRDA:68,0,1,2
BRDA:73,1,0,1
BRDA:73,1,1,50
BRDA:73,2,0,51
BRDA:73,2,1,1
BRDA:81,3,0,78
BRDA:94,4,0,17
BRDA:94,4,1,46
BRDA:101,5,0,79
BRDA:102,6,0,79
BRDA:108,7,0,5
BRDA:108,7,1,74
BRDA:108,8,0,79
BRDA:108,8,1,5
BRDA:109,9,0,1
BRDA:109,9,1,4
BRDA:125,10,0,4
BRDA:125,10,1,70
BRDA:125,11,0,74
BRDA:125,11,1,4
BRDA:126,12,0,1
BRDA:126,12,1,3
BRDA:131,13,0,1
BRDA:131,13,1,2
BRDA:131,14,0,3
BRDA:131,14,1,2
BRDA:133,15,0,1
BRDA:133,15,1,1
BRDA:146,16,0,3
BRDA:146,16,1,67
BRDA:146,17,0,70
BRDA:146,17,1,3
BRDA:147,18,0,1
BRDA:147,18,1,2
BRDA:151,19,0,1
BRDA:151,19,1,2
BRDA:162,20,0,4
BRDA:162,20,1,63
BRDA:162,21,0,67
BRDA:162,21,1,4
BRDA:164,22,0,2
BRDA:164,22,1,2
BRDA:178,23,0,3
BRDA:178,23,1,60
BRDA:178,24,0,63
BRDA:178,24,1,3
BRDA:179,25,0,1
BRDA:179,25,1,2
BRDA:185,26,0,2
BRDA:185,26,1,58
BRDA:185,27,0,60
BRDA:185,27,1,2
BRDA:186,28,0,1
BRDA:186,28,1,1
BRDA:192,29,0,2
BRDA:192,29,1,56
BRDA:192,30,0,58
BRDA:192,30,1,2
BRDA:193,31,0,1
BRDA:193,31,1,1
BRDA:199,32,0,2
BRDA:199,32,1,54
BRDA:199,33,0,56
BRDA:199,33,1,2
BRDA:200,34,0,1
BRDA:200,34,1,1
BRDA:206,35,0,2
BRDA:206,35,1,52
BRDA:206,36,0,54
BRDA:206,36,1,2
BRDA:207,37,0,1
BRDA:207,37,1,1
BRDA:213,38,0,2
BRDA:213,38,1,50
BRDA:213,39,0,52
BRDA:213,39,1,2
BRDA:214,40,0,1
BRDA:214,40,1,1
BRDA:223,41,0,3
BRDA:223,41,1,47
BRDA:223,42,0,50
BRDA:223,42,1,3
BRDA:223,42,2,1
BRDA:224,43,0,1
BRDA:224,43,1,2
BRDA:226,44,0,1
BRDA:226,44,1,1
BRDA:236,45,0,3
BRDA:236,45,1,44
BRDA:236,46,0,47
BRDA:236,46,1,3
BRDA:236,46,2,1
BRDA:237,47,0,1
BRDA:237,47,1,2
BRDA:239,48,0,1
BRDA:239,48,1,1
BRDA:249,49,0,3
BRDA:249,49,1,41
BRDA:249,50,0,44
BRDA:249,50,1,3
BRDA:249,50,2,1
BRDA:250,51,0,1
BRDA:250,51,1,2
BRDA:252,52,0,1
BRDA:252,52,1,1
BRDA:262,53,0,3
BRDA:262,53,1,38
BRDA:262,54,0,41
BRDA:262,54,1,3
BRDA:262,54,2,1
BRDA:263,55,0,1
BRDA:263,55,1,2
BRDA:265,56,0,1
BRDA:265,56,1,1
BRDA:275,57,0,3
BRDA:275,57,1,35
BRDA:275,58,0,38
BRDA:275,58,1,3
BRDA:275,58,2,1
BRDA:276,59,0,1
BRDA:276,59,1,2
BRDA:278,60,0,1
BRDA:278,60,1,1
BRDA:290,61,0,2
BRDA:290,61,1,33
BRDA:292,62,0,1
BRDA:292,62,1,1
BRDA:298,63,0,2
BRDA:298,63,1,31
BRDA:300,64,0,1
BRDA:300,64,1,1
BRDA:306,65,0,2
BRDA:306,65,1,29
BRDA:308,66,0,1
BRDA:308,66,1,1
BRDA:314,67,0,3
BRDA:314,67,1,26
BRDA:316,68,0,1
BRDA:316,68,1,2
BRDA:318,69,0,1
BRDA:318,69,1,1
BRDA:324,70,0,1
BRDA:324,70,1,25
BRDA:331,71,0,1
BRDA:331,71,1,24
BRDA:338,72,0,1
BRDA:338,72,1,23
BRDA:345,73,0,1
BRDA:345,73,1,22
BRDA:352,74,0,11
BRDA:352,74,1,11
BRDA:359,75,0,1
BRDA:359,75,1,10
BRDA:366,76,0,1
BRDA:366,76,1,9
BRDA:373,77,0,2
BRDA:373,77,1,7
BRDA:378,78,0,1
BRDA:378,78,1,1
BRDA:385,79,0,1
BRDA:385,79,1,6
BRDA:392,80,0,1
BRDA:392,80,1,5
BRDA:399,81,0,1
BRDA:399,81,1,4
BRDA:406,82,0,1
BRDA:406,82,1,3
BRDA:413,83,0,1
BRDA:413,83,1,2
BRDA:534,84,0,72
BRDA:534,84,1,1
BRDA:537,85,0,17
BRDA:537,85,1,56
BRDA:537,86,0,73
BRDA:537,86,1,56
BRDA:537,86,2,56
BRDA:547,87,0,3
BRDA:547,87,1,2
BRDA:548,88,0,3
BRDA:548,88,1,1
BRDA:561,89,0,6
BRDA:561,89,1,2
BRDA:563,90,0,2
BRDA:563,90,1,1
BRDA:565,91,0,8
BRDA:565,91,1,8
BRDA:566,92,0,8
BRDA:566,92,1,7
BRDA:570,93,0,1
BRDA:570,93,1,7
BRDA:574,94,0,6
BRDA:574,94,1,1
BRDA:578,95,0,3
BRDA:578,95,1,2
BRDA:579,96,0,3
BRDA:579,96,1,1
BRF:197
BRH:197
end_of_record
